{"/Users/rimraf/Code/archae0pteryx/semiai/semi-scraper/src/browser.ts": {"path":"/Users/rimraf/Code/archae0pteryx/semiai/semi-scraper/src/browser.ts","statementMap":{"0":{"start":{"line":1,"column":0},"end":{"line":1,"column":62}},"1":{"start":{"line":2,"column":0},"end":{"line":2,"column":36}},"2":{"start":{"line":4,"column":28},"end":{"line":21,"column":null}},"3":{"start":{"line":9,"column":5},"end":{"line":21,"column":null}},"4":{"start":{"line":10,"column":13},"end":{"line":10,"column":31}},"5":{"start":{"line":11,"column":18},"end":{"line":13,"column":4}},"6":{"start":{"line":15,"column":15},"end":{"line":15,"column":38}},"7":{"start":{"line":17,"column":2},"end":{"line":17,"column":null}},"8":{"start":{"line":18,"column":2},"end":{"line":18,"column":null}},"9":{"start":{"line":20,"column":2},"end":{"line":20,"column":null}},"10":{"start":{"line":4,"column":13},"end":{"line":4,"column":28}}},"fnMap":{"0":{"name":"(anonymous_8)","decl":{"start":{"line":4,"column":28},"end":{"line":4,"column":null}},"loc":{"start":{"line":9,"column":5},"end":{"line":21,"column":null}}},"1":{"name":"(anonymous_9)","decl":{"start":{"line":9,"column":5},"end":{"line":9,"column":null}},"loc":{"start":{"line":9,"column":5},"end":{"line":21,"column":1}}}},"branchMap":{},"s":{"0":1,"1":1,"2":1,"3":1,"4":1,"5":1,"6":1,"7":1,"8":1,"9":1,"10":1},"f":{"0":1,"1":1},"b":{}}
,"/Users/rimraf/Code/archae0pteryx/semiai/semi-scraper/src/config.ts": {"path":"/Users/rimraf/Code/archae0pteryx/semiai/semi-scraper/src/config.ts","statementMap":{"0":{"start":{"line":1,"column":0},"end":{"line":1,"column":19}},"1":{"start":{"line":2,"column":0},"end":{"line":2,"column":27}},"2":{"start":{"line":4,"column":20},"end":{"line":4,"column":70}},"3":{"start":{"line":19,"column":13},"end":{"line":30,"column":null}},"4":{"start":{"line":32,"column":26},"end":{"line":43,"column":1}},"5":{"start":{"line":33,"column":2},"end":{"line":42,"column":null}},"6":{"start":{"line":34,"column":19},"end":{"line":34,"column":70}},"7":{"start":{"line":35,"column":4},"end":{"line":37,"column":null}},"8":{"start":{"line":40,"column":4},"end":{"line":40,"column":null}},"9":{"start":{"line":41,"column":4},"end":{"line":41,"column":null}},"10":{"start":{"line":32,"column":13},"end":{"line":32,"column":26}}},"fnMap":{"0":{"name":"(anonymous_1)","decl":{"start":{"line":32,"column":26},"end":{"line":32,"column":45}},"loc":{"start":{"line":32,"column":47},"end":{"line":43,"column":1}}}},"branchMap":{"0":{"loc":{"start":{"line":4,"column":20},"end":{"line":4,"column":70}},"type":"binary-expr","locations":[{"start":{"line":4,"column":20},"end":{"line":4,"column":43}},{"start":{"line":4,"column":47},"end":{"line":4,"column":70}}]}},"s":{"0":2,"1":2,"2":2,"3":2,"4":2,"5":0,"6":0,"7":0,"8":0,"9":0,"10":2},"f":{"0":0},"b":{"0":[2,2]}}
,"/Users/rimraf/Code/archae0pteryx/semiai/semi-scraper/src/crawler.ts": {"path":"/Users/rimraf/Code/archae0pteryx/semiai/semi-scraper/src/crawler.ts","statementMap":{"0":{"start":{"line":1,"column":0},"end":{"line":1,"column":27}},"1":{"start":{"line":2,"column":0},"end":{"line":2,"column":19}},"2":{"start":{"line":3,"column":0},"end":{"line":3,"column":40}},"3":{"start":{"line":5,"column":0},"end":{"line":5,"column":76}},"4":{"start":{"line":6,"column":0},"end":{"line":6,"column":34}},"5":{"start":{"line":7,"column":0},"end":{"line":7,"column":45}},"6":{"start":{"line":9,"column":14},"end":{"line":9,"column":79}},"7":{"start":{"line":9,"column":30},"end":{"line":9,"column":79}},"8":{"start":{"line":9,"column":55},"end":{"line":9,"column":78}},"9":{"start":{"line":11,"column":27},"end":{"line":16,"column":1}},"10":{"start":{"line":12,"column":2},"end":{"line":14,"column":null}},"11":{"start":{"line":13,"column":4},"end":{"line":13,"column":null}},"12":{"start":{"line":15,"column":2},"end":{"line":15,"column":null}},"13":{"start":{"line":11,"column":13},"end":{"line":11,"column":27}},"14":{"start":{"line":18,"column":21},"end":{"line":102,"column":null}},"15":{"start":{"line":18,"column":54},"end":{"line":102,"column":null}},"16":{"start":{"line":19,"column":14},"end":{"line":19,"column":27}},"17":{"start":{"line":20,"column":15},"end":{"line":20,"column":24}},"18":{"start":{"line":21,"column":16},"end":{"line":21,"column":25}},"19":{"start":{"line":22,"column":19},"end":{"line":22,"column":52}},"20":{"start":{"line":24,"column":14},"end":{"line":24,"column":24}},"21":{"start":{"line":26,"column":17},"end":{"line":26,"column":35}},"22":{"start":{"line":28,"column":2},"end":{"line":28,"column":null}},"23":{"start":{"line":30,"column":28},"end":{"line":30,"column":48}},"24":{"start":{"line":32,"column":2},"end":{"line":96,"column":null}},"25":{"start":{"line":33,"column":4},"end":{"line":33,"column":null}},"26":{"start":{"line":34,"column":24},"end":{"line":34,"column":51}},"27":{"start":{"line":35,"column":4},"end":{"line":35,"column":null}},"28":{"start":{"line":37,"column":33},"end":{"line":37,"column":74}},"29":{"start":{"line":39,"column":4},"end":{"line":59,"column":null}},"30":{"start":{"line":40,"column":6},"end":{"line":40,"column":null}},"31":{"start":{"line":42,"column":19},"end":{"line":42,"column":64}},"32":{"start":{"line":43,"column":26},"end":{"line":43,"column":73}},"33":{"start":{"line":45,"column":6},"end":{"line":56,"column":null}},"34":{"start":{"line":46,"column":18},"end":{"line":46,"column":55}},"35":{"start":{"line":47,"column":23},"end":{"line":47,"column":39}},"36":{"start":{"line":49,"column":8},"end":{"line":55,"column":null}},"37":{"start":{"line":50,"column":10},"end":{"line":50,"column":null}},"38":{"start":{"line":51,"column":10},"end":{"line":51,"column":null}},"39":{"start":{"line":53,"column":10},"end":{"line":53,"column":null}},"40":{"start":{"line":54,"column":10},"end":{"line":54,"column":null}},"41":{"start":{"line":57,"column":6},"end":{"line":57,"column":null}},"42":{"start":{"line":58,"column":6},"end":{"line":58,"column":14}},"43":{"start":{"line":61,"column":4},"end":{"line":95,"column":null}},"44":{"start":{"line":62,"column":6},"end":{"line":62,"column":null}},"45":{"start":{"line":63,"column":6},"end":{"line":63,"column":null}},"46":{"start":{"line":65,"column":6},"end":{"line":65,"column":null}},"47":{"start":{"line":67,"column":19},"end":{"line":67,"column":39}},"48":{"start":{"line":68,"column":24},"end":{"line":68,"column":34}},"49":{"start":{"line":69,"column":27},"end":{"line":69,"column":66}},"50":{"start":{"line":71,"column":6},"end":{"line":71,"column":null}},"51":{"start":{"line":73,"column":23},"end":{"line":73,"column":68}},"52":{"start":{"line":75,"column":6},"end":{"line":86,"column":null}},"53":{"start":{"line":76,"column":18},"end":{"line":76,"column":59}},"54":{"start":{"line":77,"column":23},"end":{"line":77,"column":39}},"55":{"start":{"line":79,"column":8},"end":{"line":85,"column":null}},"56":{"start":{"line":80,"column":10},"end":{"line":80,"column":null}},"57":{"start":{"line":81,"column":10},"end":{"line":81,"column":null}},"58":{"start":{"line":83,"column":10},"end":{"line":83,"column":null}},"59":{"start":{"line":84,"column":10},"end":{"line":84,"column":null}},"60":{"start":{"line":88,"column":6},"end":{"line":88,"column":null}},"61":{"start":{"line":90,"column":6},"end":{"line":93,"column":null}},"62":{"start":{"line":91,"column":8},"end":{"line":91,"column":null}},"63":{"start":{"line":92,"column":8},"end":{"line":92,"column":13}},"64":{"start":{"line":94,"column":6},"end":{"line":94,"column":null}},"65":{"start":{"line":97,"column":18},"end":{"line":97,"column":28}},"66":{"start":{"line":98,"column":19},"end":{"line":98,"column":52}},"67":{"start":{"line":99,"column":18},"end":{"line":99,"column":33}},"68":{"start":{"line":100,"column":2},"end":{"line":100,"column":null}},"69":{"start":{"line":101,"column":2},"end":{"line":101,"column":null}},"70":{"start":{"line":18,"column":13},"end":{"line":18,"column":21}}},"fnMap":{"0":{"name":"(anonymous_8)","decl":{"start":{"line":9,"column":14},"end":{"line":9,"column":15}},"loc":{"start":{"line":9,"column":30},"end":{"line":9,"column":79}}},"1":{"name":"(anonymous_9)","decl":{"start":{"line":9,"column":42},"end":{"line":9,"column":43}},"loc":{"start":{"line":9,"column":55},"end":{"line":9,"column":78}}},"2":{"name":"(anonymous_10)","decl":{"start":{"line":11,"column":27},"end":{"line":11,"column":28}},"loc":{"start":{"line":11,"column":41},"end":{"line":16,"column":1}}},"3":{"name":"(anonymous_11)","decl":{"start":{"line":18,"column":21},"end":{"line":18,"column":28}},"loc":{"start":{"line":18,"column":54},"end":{"line":102,"column":null}}},"4":{"name":"(anonymous_12)","decl":{"start":{"line":18,"column":54},"end":{"line":18,"column":null}},"loc":{"start":{"line":18,"column":54},"end":{"line":102,"column":1}}},"5":{"name":"(anonymous_13)","decl":{"start":{"line":45,"column":26},"end":{"line":45,"column":27}},"loc":{"start":{"line":45,"column":38},"end":{"line":56,"column":7}}},"6":{"name":"(anonymous_14)","decl":{"start":{"line":75,"column":23},"end":{"line":75,"column":24}},"loc":{"start":{"line":75,"column":35},"end":{"line":86,"column":7}}}},"branchMap":{"0":{"loc":{"start":{"line":11,"column":28},"end":{"line":11,"column":37}},"type":"default-arg","locations":[{"start":{"line":11,"column":36},"end":{"line":11,"column":37}}]},"1":{"loc":{"start":{"line":12,"column":2},"end":{"line":14,"column":null}},"type":"if","locations":[{"start":{"line":12,"column":2},"end":{"line":14,"column":null}}]},"2":{"loc":{"start":{"line":22,"column":26},"end":{"line":22,"column":51}},"type":"binary-expr","locations":[{"start":{"line":22,"column":26},"end":{"line":22,"column":46}},{"start":{"line":22,"column":50},"end":{"line":22,"column":51}}]},"3":{"loc":{"start":{"line":32,"column":9},"end":{"line":32,"column":68}},"type":"binary-expr","locations":[{"start":{"line":32,"column":10},"end":{"line":32,"column":24}},{"start":{"line":32,"column":28},"end":{"line":32,"column":52}},{"start":{"line":32,"column":57},"end":{"line":32,"column":68}}]},"4":{"loc":{"start":{"line":39,"column":4},"end":{"line":59,"column":null}},"type":"if","locations":[{"start":{"line":39,"column":4},"end":{"line":59,"column":null}}]},"5":{"loc":{"start":{"line":49,"column":8},"end":{"line":55,"column":null}},"type":"if","locations":[{"start":{"line":49,"column":8},"end":{"line":55,"column":null}},{"start":{"line":52,"column":15},"end":{"line":55,"column":null}}]},"6":{"loc":{"start":{"line":49,"column":12},"end":{"line":49,"column":33}},"type":"binary-expr","locations":[{"start":{"line":49,"column":12},"end":{"line":49,"column":18}},{"start":{"line":49,"column":22},"end":{"line":49,"column":33}}]},"7":{"loc":{"start":{"line":79,"column":8},"end":{"line":85,"column":null}},"type":"if","locations":[{"start":{"line":79,"column":8},"end":{"line":85,"column":null}},{"start":{"line":82,"column":15},"end":{"line":85,"column":null}}]},"8":{"loc":{"start":{"line":79,"column":12},"end":{"line":79,"column":33}},"type":"binary-expr","locations":[{"start":{"line":79,"column":12},"end":{"line":79,"column":18}},{"start":{"line":79,"column":22},"end":{"line":79,"column":33}}]},"9":{"loc":{"start":{"line":90,"column":6},"end":{"line":93,"column":null}},"type":"if","locations":[{"start":{"line":90,"column":6},"end":{"line":93,"column":null}}]}},"s":{"0":1,"1":1,"2":1,"3":1,"4":1,"5":1,"6":1,"7":1,"8":1,"9":1,"10":1,"11":1,"12":0,"13":1,"14":1,"15":1,"16":1,"17":1,"18":1,"19":1,"20":1,"21":1,"22":1,"23":1,"24":1,"25":1,"26":1,"27":1,"28":1,"29":1,"30":0,"31":0,"32":0,"33":0,"34":0,"35":0,"36":0,"37":0,"38":0,"39":0,"40":0,"41":0,"42":0,"43":1,"44":1,"45":1,"46":0,"47":0,"48":0,"49":0,"50":0,"51":0,"52":0,"53":0,"54":0,"55":0,"56":0,"57":0,"58":0,"59":0,"60":1,"61":1,"62":1,"63":1,"64":0,"65":1,"66":1,"67":1,"68":1,"69":1,"70":1},"f":{"0":1,"1":1,"2":1,"3":1,"4":1,"5":0,"6":0},"b":{"0":[1],"1":[1],"2":[1,1],"3":[1,1,0],"4":[0],"5":[0,0],"6":[0,0],"7":[0,0],"8":[0,0],"9":[1]}}
,"/Users/rimraf/Code/archae0pteryx/semiai/semi-scraper/src/file_io.ts": {"path":"/Users/rimraf/Code/archae0pteryx/semiai/semi-scraper/src/file_io.ts","statementMap":{"0":{"start":{"line":1,"column":0},"end":{"line":1,"column":19}},"1":{"start":{"line":3,"column":27},"end":{"line":18,"column":1}},"2":{"start":{"line":4,"column":17},"end":{"line":4,"column":29}},"3":{"start":{"line":5,"column":19},"end":{"line":5,"column":34}},"4":{"start":{"line":6,"column":19},"end":{"line":6,"column":34}},"5":{"start":{"line":7,"column":20},"end":{"line":7,"column":55}},"6":{"start":{"line":9,"column":2},"end":{"line":11,"column":null}},"7":{"start":{"line":10,"column":4},"end":{"line":10,"column":null}},"8":{"start":{"line":13,"column":2},"end":{"line":15,"column":null}},"9":{"start":{"line":14,"column":4},"end":{"line":14,"column":null}},"10":{"start":{"line":17,"column":2},"end":{"line":17,"column":null}},"11":{"start":{"line":3,"column":13},"end":{"line":3,"column":27}},"12":{"start":{"line":20,"column":31},"end":{"line":23,"column":1}},"13":{"start":{"line":21,"column":15},"end":{"line":21,"column":40}},"14":{"start":{"line":22,"column":2},"end":{"line":22,"column":null}},"15":{"start":{"line":20,"column":13},"end":{"line":20,"column":31}},"16":{"start":{"line":25,"column":34},"end":{"line":33,"column":1}},"17":{"start":{"line":26,"column":14},"end":{"line":26,"column":52}},"18":{"start":{"line":27,"column":2},"end":{"line":31,"column":null}},"19":{"start":{"line":28,"column":4},"end":{"line":30,"column":null}},"20":{"start":{"line":32,"column":2},"end":{"line":32,"column":null}},"21":{"start":{"line":25,"column":13},"end":{"line":25,"column":34}}},"fnMap":{"0":{"name":"(anonymous_1)","decl":{"start":{"line":3,"column":27},"end":{"line":3,"column":28}},"loc":{"start":{"line":3,"column":60},"end":{"line":18,"column":1}}},"1":{"name":"(anonymous_2)","decl":{"start":{"line":20,"column":31},"end":{"line":20,"column":32}},"loc":{"start":{"line":20,"column":64},"end":{"line":23,"column":1}}},"2":{"name":"(anonymous_3)","decl":{"start":{"line":25,"column":34},"end":{"line":25,"column":35}},"loc":{"start":{"line":25,"column":68},"end":{"line":33,"column":1}}}},"branchMap":{"0":{"loc":{"start":{"line":9,"column":2},"end":{"line":11,"column":null}},"type":"if","locations":[{"start":{"line":9,"column":2},"end":{"line":11,"column":null}}]},"1":{"loc":{"start":{"line":13,"column":2},"end":{"line":15,"column":null}},"type":"if","locations":[{"start":{"line":13,"column":2},"end":{"line":15,"column":null}}]},"2":{"loc":{"start":{"line":27,"column":2},"end":{"line":31,"column":null}},"type":"if","locations":[{"start":{"line":27,"column":2},"end":{"line":31,"column":null}}]}},"s":{"0":2,"1":2,"2":4,"3":4,"4":4,"5":4,"6":4,"7":2,"8":2,"9":1,"10":1,"11":2,"12":2,"13":0,"14":0,"15":2,"16":2,"17":1,"18":1,"19":1,"20":1,"21":2},"f":{"0":4,"1":0,"2":1},"b":{"0":[2],"1":[1],"2":[1]}}
,"/Users/rimraf/Code/archae0pteryx/semiai/semi-scraper/src/uas.ts": {"path":"/Users/rimraf/Code/archae0pteryx/semiai/semi-scraper/src/uas.ts","statementMap":{"0":{"start":{"line":10,"column":28},"end":{"line":18,"column":1}},"1":{"start":{"line":11,"column":2},"end":{"line":13,"column":null}},"2":{"start":{"line":12,"column":4},"end":{"line":12,"column":null}},"3":{"start":{"line":14,"column":2},"end":{"line":17,"column":null}},"4":{"start":{"line":10,"column":13},"end":{"line":10,"column":28}},"5":{"start":{"line":20,"column":29},"end":{"line":23,"column":1}},"6":{"start":{"line":21,"column":22},"end":{"line":21,"column":60}},"7":{"start":{"line":22,"column":2},"end":{"line":22,"column":null}},"8":{"start":{"line":20,"column":13},"end":{"line":20,"column":29}},"9":{"start":{"line":26,"column":28},"end":{"line":32,"column":null}},"10":{"start":{"line":35,"column":27},"end":{"line":41,"column":null}}},"fnMap":{"0":{"name":"(anonymous_0)","decl":{"start":{"line":10,"column":28},"end":{"line":10,"column":29}},"loc":{"start":{"line":10,"column":76},"end":{"line":18,"column":1}}},"1":{"name":"(anonymous_1)","decl":{"start":{"line":20,"column":29},"end":{"line":20,"column":30}},"loc":{"start":{"line":20,"column":55},"end":{"line":23,"column":1}}}},"branchMap":{"0":{"loc":{"start":{"line":10,"column":29},"end":{"line":10,"column":67}},"type":"default-arg","locations":[{"start":{"line":10,"column":58},"end":{"line":10,"column":67}}]},"1":{"loc":{"start":{"line":11,"column":2},"end":{"line":13,"column":null}},"type":"if","locations":[{"start":{"line":11,"column":2},"end":{"line":13,"column":null}}]}},"s":{"0":1,"1":1,"2":0,"3":1,"4":1,"5":1,"6":1,"7":1,"8":1,"9":1,"10":1},"f":{"0":1,"1":1},"b":{"0":[1],"1":[0]}}
,"/Users/rimraf/Code/archae0pteryx/semiai/semi-scraper/src/urls.ts": {"path":"/Users/rimraf/Code/archae0pteryx/semiai/semi-scraper/src/urls.ts","statementMap":{"0":{"start":{"line":1,"column":0},"end":{"line":1,"column":34}},"1":{"start":{"line":4,"column":40},"end":{"line":14,"column":1}},"2":{"start":{"line":5,"column":2},"end":{"line":7,"column":null}},"3":{"start":{"line":6,"column":4},"end":{"line":6,"column":null}},"4":{"start":{"line":9,"column":2},"end":{"line":11,"column":null}},"5":{"start":{"line":10,"column":4},"end":{"line":10,"column":null}},"6":{"start":{"line":13,"column":2},"end":{"line":13,"column":null}},"7":{"start":{"line":4,"column":13},"end":{"line":4,"column":40}},"8":{"start":{"line":16,"column":39},"end":{"line":23,"column":1}},"9":{"start":{"line":17,"column":2},"end":{"line":19,"column":null}},"10":{"start":{"line":18,"column":4},"end":{"line":18,"column":null}},"11":{"start":{"line":20,"column":18},"end":{"line":20,"column":70}},"12":{"start":{"line":20,"column":50},"end":{"line":20,"column":69}},"13":{"start":{"line":21,"column":25},"end":{"line":21,"column":93}},"14":{"start":{"line":21,"column":52},"end":{"line":21,"column":92}},"15":{"start":{"line":21,"column":76},"end":{"line":21,"column":91}},"16":{"start":{"line":22,"column":2},"end":{"line":22,"column":null}},"17":{"start":{"line":16,"column":13},"end":{"line":16,"column":39}},"18":{"start":{"line":25,"column":44},"end":{"line":35,"column":1}},"19":{"start":{"line":26,"column":23},"end":{"line":26,"column":51}},"20":{"start":{"line":27,"column":27},"end":{"line":27,"column":66}},"21":{"start":{"line":28,"column":25},"end":{"line":28,"column":53}},"22":{"start":{"line":29,"column":24},"end":{"line":32,"column":63}},"23":{"start":{"line":30,"column":19},"end":{"line":30,"column":63}},"24":{"start":{"line":31,"column":19},"end":{"line":31,"column":35}},"25":{"start":{"line":32,"column":19},"end":{"line":32,"column":62}},"26":{"start":{"line":32,"column":48},"end":{"line":32,"column":61}},"27":{"start":{"line":34,"column":2},"end":{"line":34,"column":null}},"28":{"start":{"line":25,"column":13},"end":{"line":25,"column":44}},"29":{"start":{"line":37,"column":30},"end":{"line":41,"column":1}},"30":{"start":{"line":38,"column":19},"end":{"line":38,"column":74}},"31":{"start":{"line":39,"column":19},"end":{"line":39,"column":60}},"32":{"start":{"line":40,"column":2},"end":{"line":40,"column":null}},"33":{"start":{"line":37,"column":13},"end":{"line":37,"column":30}},"34":{"start":{"line":43,"column":36},"end":{"line":48,"column":1}},"35":{"start":{"line":44,"column":25},"end":{"line":44,"column":53}},"36":{"start":{"line":45,"column":18},"end":{"line":45,"column":59}},"37":{"start":{"line":47,"column":2},"end":{"line":47,"column":null}},"38":{"start":{"line":47,"column":41},"end":{"line":47,"column":55}},"39":{"start":{"line":43,"column":13},"end":{"line":43,"column":36}},"40":{"start":{"line":50,"column":25},"end":{"line":52,"column":1}},"41":{"start":{"line":51,"column":2},"end":{"line":51,"column":null}},"42":{"start":{"line":50,"column":13},"end":{"line":50,"column":25}},"43":{"start":{"line":54,"column":27},"end":{"line":61,"column":1}},"44":{"start":{"line":55,"column":2},"end":{"line":60,"column":null}},"45":{"start":{"line":56,"column":4},"end":{"line":56,"column":null}},"46":{"start":{"line":57,"column":4},"end":{"line":57,"column":null}},"47":{"start":{"line":59,"column":4},"end":{"line":59,"column":null}},"48":{"start":{"line":54,"column":13},"end":{"line":54,"column":27}},"49":{"start":{"line":63,"column":24},"end":{"line":71,"column":1}},"50":{"start":{"line":64,"column":12},"end":{"line":64,"column":30}},"51":{"start":{"line":66,"column":18},"end":{"line":68,"column":10}},"52":{"start":{"line":67,"column":20},"end":{"line":67,"column":38}},"53":{"start":{"line":70,"column":2},"end":{"line":70,"column":null}},"54":{"start":{"line":63,"column":13},"end":{"line":63,"column":24}},"55":{"start":{"line":73,"column":37},"end":{"line":88,"column":1}},"56":{"start":{"line":74,"column":2},"end":{"line":76,"column":null}},"57":{"start":{"line":75,"column":4},"end":{"line":75,"column":null}},"58":{"start":{"line":77,"column":17},"end":{"line":77,"column":29}},"59":{"start":{"line":78,"column":19},"end":{"line":78,"column":45}},"60":{"start":{"line":80,"column":2},"end":{"line":80,"column":null}},"61":{"start":{"line":82,"column":17},"end":{"line":82,"column":35}},"62":{"start":{"line":84,"column":2},"end":{"line":86,"column":null}},"63":{"start":{"line":85,"column":4},"end":{"line":85,"column":null}},"64":{"start":{"line":87,"column":2},"end":{"line":87,"column":null}},"65":{"start":{"line":73,"column":13},"end":{"line":73,"column":37}}},"fnMap":{"0":{"name":"(anonymous_6)","decl":{"start":{"line":4,"column":40},"end":{"line":4,"column":41}},"loc":{"start":{"line":4,"column":75},"end":{"line":14,"column":1}}},"1":{"name":"(anonymous_7)","decl":{"start":{"line":16,"column":39},"end":{"line":16,"column":40}},"loc":{"start":{"line":16,"column":99},"end":{"line":23,"column":1}}},"2":{"name":"(anonymous_8)","decl":{"start":{"line":20,"column":37},"end":{"line":20,"column":38}},"loc":{"start":{"line":20,"column":50},"end":{"line":20,"column":69}}},"3":{"name":"(anonymous_9)","decl":{"start":{"line":21,"column":43},"end":{"line":21,"column":44}},"loc":{"start":{"line":21,"column":52},"end":{"line":21,"column":92}}},"4":{"name":"(anonymous_10)","decl":{"start":{"line":21,"column":65},"end":{"line":21,"column":66}},"loc":{"start":{"line":21,"column":76},"end":{"line":21,"column":91}}},"5":{"name":"(anonymous_11)","decl":{"start":{"line":25,"column":44},"end":{"line":25,"column":45}},"loc":{"start":{"line":25,"column":118},"end":{"line":35,"column":1}}},"6":{"name":"(anonymous_12)","decl":{"start":{"line":30,"column":9},"end":{"line":30,"column":10}},"loc":{"start":{"line":30,"column":19},"end":{"line":30,"column":63}}},"7":{"name":"(anonymous_13)","decl":{"start":{"line":31,"column":12},"end":{"line":31,"column":13}},"loc":{"start":{"line":31,"column":19},"end":{"line":31,"column":35}}},"8":{"name":"(anonymous_14)","decl":{"start":{"line":32,"column":12},"end":{"line":32,"column":13}},"loc":{"start":{"line":32,"column":19},"end":{"line":32,"column":62}}},"9":{"name":"(anonymous_15)","decl":{"start":{"line":32,"column":41},"end":{"line":32,"column":42}},"loc":{"start":{"line":32,"column":48},"end":{"line":32,"column":61}}},"10":{"name":"(anonymous_16)","decl":{"start":{"line":37,"column":30},"end":{"line":37,"column":31}},"loc":{"start":{"line":37,"column":105},"end":{"line":41,"column":1}}},"11":{"name":"(anonymous_17)","decl":{"start":{"line":43,"column":36},"end":{"line":43,"column":37}},"loc":{"start":{"line":43,"column":111},"end":{"line":48,"column":1}}},"12":{"name":"(anonymous_18)","decl":{"start":{"line":47,"column":34},"end":{"line":47,"column":35}},"loc":{"start":{"line":47,"column":41},"end":{"line":47,"column":55}}},"13":{"name":"(anonymous_19)","decl":{"start":{"line":50,"column":25},"end":{"line":50,"column":26}},"loc":{"start":{"line":50,"column":42},"end":{"line":52,"column":1}}},"14":{"name":"(anonymous_20)","decl":{"start":{"line":54,"column":27},"end":{"line":54,"column":28}},"loc":{"start":{"line":54,"column":44},"end":{"line":61,"column":1}}},"15":{"name":"(anonymous_21)","decl":{"start":{"line":63,"column":24},"end":{"line":63,"column":25}},"loc":{"start":{"line":63,"column":51},"end":{"line":71,"column":1}}},"16":{"name":"(anonymous_22)","decl":{"start":{"line":67,"column":9},"end":{"line":67,"column":10}},"loc":{"start":{"line":67,"column":20},"end":{"line":67,"column":38}}},"17":{"name":"(anonymous_23)","decl":{"start":{"line":73,"column":37},"end":{"line":73,"column":38}},"loc":{"start":{"line":73,"column":53},"end":{"line":88,"column":1}}}},"branchMap":{"0":{"loc":{"start":{"line":5,"column":2},"end":{"line":7,"column":null}},"type":"if","locations":[{"start":{"line":5,"column":2},"end":{"line":7,"column":null}}]},"1":{"loc":{"start":{"line":9,"column":2},"end":{"line":11,"column":null}},"type":"if","locations":[{"start":{"line":9,"column":2},"end":{"line":11,"column":null}}]},"2":{"loc":{"start":{"line":17,"column":2},"end":{"line":19,"column":null}},"type":"if","locations":[{"start":{"line":17,"column":2},"end":{"line":19,"column":null}}]},"3":{"loc":{"start":{"line":74,"column":2},"end":{"line":76,"column":null}},"type":"if","locations":[{"start":{"line":74,"column":2},"end":{"line":76,"column":null}}]},"4":{"loc":{"start":{"line":84,"column":2},"end":{"line":86,"column":null}},"type":"if","locations":[{"start":{"line":84,"column":2},"end":{"line":86,"column":null}}]}},"s":{"0":2,"1":2,"2":27,"3":16,"4":11,"5":7,"6":4,"7":2,"8":2,"9":3,"10":2,"11":1,"12":2,"13":1,"14":3,"15":5,"16":1,"17":2,"18":2,"19":3,"20":3,"21":3,"22":3,"23":24,"24":24,"25":21,"26":31,"27":3,"28":2,"29":2,"30":1,"31":1,"32":1,"33":2,"34":2,"35":1,"36":1,"37":1,"38":4,"39":2,"40":2,"41":2,"42":2,"43":2,"44":31,"45":31,"46":19,"47":12,"48":2,"49":2,"50":5,"51":5,"52":40,"53":5,"54":2,"55":2,"56":2,"57":0,"58":2,"59":2,"60":2,"61":2,"62":2,"63":0,"64":2,"65":2},"f":{"0":27,"1":3,"2":2,"3":3,"4":5,"5":3,"6":24,"7":24,"8":21,"9":31,"10":1,"11":1,"12":4,"13":2,"14":31,"15":5,"16":40,"17":2},"b":{"0":[16],"1":[7],"2":[2],"3":[0],"4":[0]}}
}
